-------------------------------------------------------------------------------
Test set: ServiceLayer.UserServiceTests
-------------------------------------------------------------------------------
Tests run: 28, Failures: 0, Errors: 1, Skipped: 0, Time elapsed: 4.283 s <<< FAILURE! -- in ServiceLayer.UserServiceTests
ServiceLayer.UserServiceTests.removeFromCart_Right_params -- Time elapsed: 0.159 s <<< ERROR!
com.fasterxml.jackson.databind.exc.InvalidDefinitionException: 
Cannot find a (Map) Key deserializer for type [simple type, class DomainLayer.Product]
 at [Source: (String)"{"id":"00b6633b-0e69-4ab2-ab9e-386d1d13d71e","shoppingCart":{"userId":"","shoppingBags":[{"products":{"1":1},"storeId":"-1"}]},"jobs":[],"name":"yaniv","username":"yaniv","token":null}"; line: 1, column: 1]
	at com.fasterxml.jackson.databind.exc.InvalidDefinitionException.from(InvalidDefinitionException.java:67)
	at com.fasterxml.jackson.databind.DeserializationContext.reportBadDefinition(DeserializationContext.java:1915)
	at com.fasterxml.jackson.databind.deser.DeserializerCache._handleUnknownKeyDeserializer(DeserializerCache.java:603)
	at com.fasterxml.jackson.databind.deser.DeserializerCache.findKeyDeserializer(DeserializerCache.java:168)
	at com.fasterxml.jackson.databind.DeserializationContext.findKeyDeserializer(DeserializationContext.java:681)
	at com.fasterxml.jackson.databind.deser.std.MapDeserializer.createContextual(MapDeserializer.java:314)
	at com.fasterxml.jackson.databind.DeserializationContext.handlePrimaryContextualization(DeserializationContext.java:836)
	at com.fasterxml.jackson.databind.deser.BeanDeserializerBase.resolve(BeanDeserializerBase.java:550)
	at com.fasterxml.jackson.databind.deser.DeserializerCache._createAndCache2(DeserializerCache.java:294)
	at com.fasterxml.jackson.databind.deser.DeserializerCache._createAndCacheValueDeserializer(DeserializerCache.java:244)
	at com.fasterxml.jackson.databind.deser.DeserializerCache.findValueDeserializer(DeserializerCache.java:142)
	at com.fasterxml.jackson.databind.DeserializationContext.findContextualValueDeserializer(DeserializationContext.java:621)
	at com.fasterxml.jackson.databind.deser.std.CollectionDeserializer.createContextual(CollectionDeserializer.java:188)
	at com.fasterxml.jackson.databind.deser.std.CollectionDeserializer.createContextual(CollectionDeserializer.java:28)
	at com.fasterxml.jackson.databind.DeserializationContext.handlePrimaryContextualization(DeserializationContext.java:836)
	at com.fasterxml.jackson.databind.deser.BeanDeserializerBase.resolve(BeanDeserializerBase.java:550)
	at com.fasterxml.jackson.databind.deser.DeserializerCache._createAndCache2(DeserializerCache.java:294)
	at com.fasterxml.jackson.databind.deser.DeserializerCache._createAndCacheValueDeserializer(DeserializerCache.java:244)
	at com.fasterxml.jackson.databind.deser.DeserializerCache.findValueDeserializer(DeserializerCache.java:142)
	at com.fasterxml.jackson.databind.DeserializationContext.findNonContextualValueDeserializer(DeserializationContext.java:644)
	at com.fasterxml.jackson.databind.deser.BeanDeserializerBase.resolve(BeanDeserializerBase.java:539)
	at com.fasterxml.jackson.databind.deser.DeserializerCache._createAndCache2(DeserializerCache.java:294)
	at com.fasterxml.jackson.databind.deser.DeserializerCache._createAndCacheValueDeserializer(DeserializerCache.java:244)
	at com.fasterxml.jackson.databind.deser.DeserializerCache.findValueDeserializer(DeserializerCache.java:142)
	at com.fasterxml.jackson.databind.DeserializationContext.findRootValueDeserializer(DeserializationContext.java:654)
	at com.fasterxml.jackson.databind.ObjectMapper._findRootDeserializer(ObjectMapper.java:4956)
	at com.fasterxml.jackson.databind.ObjectMapper._readMapAndClose(ObjectMapper.java:4826)
	at com.fasterxml.jackson.databind.ObjectMapper.readValue(ObjectMapper.java:3772)
	at com.fasterxml.jackson.databind.ObjectMapper.readValue(ObjectMapper.java:3740)
	at DomainLayer.domainServices.UserCart.removeFromCart(UserCart.java:29)
	at ServiceLayer.UserService.removeFromCart(UserService.java:93)
	at ServiceLayer.UserServiceTests.removeFromCart_Right_params(UserServiceTests.java:177)
	at java.base/java.lang.reflect.Method.invoke(Method.java:580)
	at java.base/java.util.ArrayList.forEach(ArrayList.java:1597)
	at java.base/java.util.ArrayList.forEach(ArrayList.java:1597)

