<?xml version="1.0" encoding="UTF-8"?>
<testsuite xmlns:xsi="http://www.w3.org/2001/XMLSchema-instance" xsi:noNamespaceSchemaLocation="https://maven.apache.org/surefire/maven-surefire-plugin/xsd/surefire-test-report-3.0.xsd" version="3.0" name="ServiceLayer.ProductServiceTest" time="2.637" tests="5" errors="0" skipped="0" failures="0">
  <properties>
[...]
</properties>
  <testcase name="decreaseQuantity_ShouldFail_WhenNotEnoughStock" classname="ServiceLayer.ProductServiceTest" time="2.553">
    <system-out><![CDATA[Not enough stock
]]></system-out>
  </testcase>
  <testcase name="getAllProducts_ShouldReturnList" classname="ServiceLayer.ProductServiceTest" time="0.004"/>
  <testcase name="increaseQuantity_ShouldAddToQuantityAndSave" classname="ServiceLayer.ProductServiceTest" time="0.01"/>
  <testcase name="addProduct_ShouldCallSaveAndReturnTrue" classname="ServiceLayer.ProductServiceTest" time="0.004"/>
  <testcase name="getProductById_ShouldReturnProduct_WhenExists" classname="ServiceLayer.ProductServiceTest" time="0.01"/>
</testsuite>