<?xml version="1.0" encoding="UTF-8"?>
<testsuite xmlns:xsi="http://www.w3.org/2001/XMLSchema-instance" xsi:noNamespaceSchemaLocation="https://maven.apache.org/surefire/maven-surefire-plugin/xsd/surefire-test-report-3.0.xsd" version="3.0" name="ServiceLayer.UserServiceTests" time="4.283" tests="28" errors="1" skipped="0" failures="0">
  <properties>
[...]
</properties>
  <testcase name="removeFromCart_Right_params" classname="ServiceLayer.UserServiceTests" time="0.159">
    <error message="Cannot find a (Map) Key deserializer for type [simple type, class DomainLayer.Product]&#10; at [Source: (String)&quot;{&quot;id&quot;:&quot;00b6633b-0e69-4ab2-ab9e-386d1d13d71e&quot;,&quot;shoppingCart&quot;:{&quot;userId&quot;:&quot;&quot;,&quot;shoppingBags&quot;:[{&quot;products&quot;:{&quot;1&quot;:1},&quot;storeId&quot;:&quot;-1&quot;}]},&quot;jobs&quot;:[],&quot;name&quot;:&quot;yaniv&quot;,&quot;username&quot;:&quot;yaniv&quot;,&quot;token&quot;:null}&quot;; line: 1, column: 1]" type="com.fasterxml.jackson.databind.exc.InvalidDefinitionException"><![CDATA[com.fasterxml.jackson.databind.exc.InvalidDefinitionException: 
Cannot find a (Map) Key deserializer for type [simple type, class DomainLayer.Product]
 at [Source: (String)"{"id":"00b6633b-0e69-4ab2-ab9e-386d1d13d71e","shoppingCart":{"userId":"","shoppingBags":[{"products":{"1":1},"storeId":"-1"}]},"jobs":[],"name":"yaniv","username":"yaniv","token":null}"; line: 1, column: 1]
	at com.fasterxml.jackson.databind.exc.InvalidDefinitionException.from(InvalidDefinitionException.java:67)
	at com.fasterxml.jackson.databind.DeserializationContext.reportBadDefinition(DeserializationContext.java:1915)
	at com.fasterxml.jackson.databind.deser.DeserializerCache._handleUnknownKeyDeserializer(DeserializerCache.java:603)
	at com.fasterxml.jackson.databind.deser.DeserializerCache.findKeyDeserializer(DeserializerCache.java:168)
	at com.fasterxml.jackson.databind.DeserializationContext.findKeyDeserializer(DeserializationContext.java:681)
	at com.fasterxml.jackson.databind.deser.std.MapDeserializer.createContextual(MapDeserializer.java:314)
	at com.fasterxml.jackson.databind.DeserializationContext.handlePrimaryContextualization(DeserializationContext.java:836)
	at com.fasterxml.jackson.databind.deser.BeanDeserializerBase.resolve(BeanDeserializerBase.java:550)
	at com.fasterxml.jackson.databind.deser.DeserializerCache._createAndCache2(DeserializerCache.java:294)
	at com.fasterxml.jackson.databind.deser.DeserializerCache._createAndCacheValueDeserializer(DeserializerCache.java:244)
	at com.fasterxml.jackson.databind.deser.DeserializerCache.findValueDeserializer(DeserializerCache.java:142)
	at com.fasterxml.jackson.databind.DeserializationContext.findContextualValueDeserializer(DeserializationContext.java:621)
	at com.fasterxml.jackson.databind.deser.std.CollectionDeserializer.createContextual(CollectionDeserializer.java:188)
	at com.fasterxml.jackson.databind.deser.std.CollectionDeserializer.createContextual(CollectionDeserializer.java:28)
	at com.fasterxml.jackson.databind.DeserializationContext.handlePrimaryContextualization(DeserializationContext.java:836)
	at com.fasterxml.jackson.databind.deser.BeanDeserializerBase.resolve(BeanDeserializerBase.java:550)
	at com.fasterxml.jackson.databind.deser.DeserializerCache._createAndCache2(DeserializerCache.java:294)
	at com.fasterxml.jackson.databind.deser.DeserializerCache._createAndCacheValueDeserializer(DeserializerCache.java:244)
	at com.fasterxml.jackson.databind.deser.DeserializerCache.findValueDeserializer(DeserializerCache.java:142)
	at com.fasterxml.jackson.databind.DeserializationContext.findNonContextualValueDeserializer(DeserializationContext.java:644)
	at com.fasterxml.jackson.databind.deser.BeanDeserializerBase.resolve(BeanDeserializerBase.java:539)
	at com.fasterxml.jackson.databind.deser.DeserializerCache._createAndCache2(DeserializerCache.java:294)
	at com.fasterxml.jackson.databind.deser.DeserializerCache._createAndCacheValueDeserializer(DeserializerCache.java:244)
	at com.fasterxml.jackson.databind.deser.DeserializerCache.findValueDeserializer(DeserializerCache.java:142)
	at com.fasterxml.jackson.databind.DeserializationContext.findRootValueDeserializer(DeserializationContext.java:654)
	at com.fasterxml.jackson.databind.ObjectMapper._findRootDeserializer(ObjectMapper.java:4956)
	at com.fasterxml.jackson.databind.ObjectMapper._readMapAndClose(ObjectMapper.java:4826)
	at com.fasterxml.jackson.databind.ObjectMapper.readValue(ObjectMapper.java:3772)
	at com.fasterxml.jackson.databind.ObjectMapper.readValue(ObjectMapper.java:3740)
	at DomainLayer.domainServices.UserCart.removeFromCart(UserCart.java:29)
	at ServiceLayer.UserService.removeFromCart(UserService.java:93)
	at ServiceLayer.UserServiceTests.removeFromCart_Right_params(UserServiceTests.java:177)
	at java.base/java.lang.reflect.Method.invoke(Method.java:580)
	at java.base/java.util.ArrayList.forEach(ArrayList.java:1597)
	at java.base/java.util.ArrayList.forEach(ArrayList.java:1597)
]]></error>
  </testcase>
  <testcase name="login_UsernameIsNull" classname="ServiceLayer.UserServiceTests" time="0.074"/>
  <testcase name="login_Right_params" classname="ServiceLayer.UserServiceTests" time="0.143"/>
  <testcase name="addToCart_ProductNotExist" classname="ServiceLayer.UserServiceTests" time="0.078"/>
  <testcase name="logoutRegistered_Right_params" classname="ServiceLayer.UserServiceTests" time="0.074"/>
  <testcase name="login_UserDoesNotExist" classname="ServiceLayer.UserServiceTests" time="0.073"/>
  <testcase name="removeFromCart_UserNotLoggedIn" classname="ServiceLayer.UserServiceTests" time="0.074"/>
  <testcase name="addToCart_UserNotExist" classname="ServiceLayer.UserServiceTests" time="0.08"/>
  <testcase name="addToCart_StoreNotExist" classname="ServiceLayer.UserServiceTests" time="0.073"/>
  <testcase name="removeFromCart_StoreNotExist" classname="ServiceLayer.UserServiceTests" time="0.072"/>
  <testcase name="login_UsernameIsEmpty" classname="ServiceLayer.UserServiceTests" time="0.072"/>
  <testcase name="signup_UserAlreadyExists" classname="ServiceLayer.UserServiceTests" time="0.142"/>
  <testcase name="removeFromCart_AmountNotExist" classname="ServiceLayer.UserServiceTests" time="0.073"/>
  <testcase name="signup_PasswordIsEmpty" classname="ServiceLayer.UserServiceTests" time="0.071"/>
  <testcase name="login_PasswordIsNull" classname="ServiceLayer.UserServiceTests" time="0.072"/>
  <testcase name="login_IncorrectPassword" classname="ServiceLayer.UserServiceTests" time="0.14"/>
  <testcase name="logoutRegistered_UserNotLoggedIn" classname="ServiceLayer.UserServiceTests" time="0.072"/>
  <testcase name="signup_UsernameIsNull" classname="ServiceLayer.UserServiceTests" time="0.073"/>
  <testcase name="addToCart_TokenNotExist" classname="ServiceLayer.UserServiceTests" time="0.08"/>
  <testcase name="addToCart_Right_params" classname="ServiceLayer.UserServiceTests" time="0.072"/>
  <testcase name="removeFromCart_TokenNotExist" classname="ServiceLayer.UserServiceTests" time="0.072"/>
  <testcase name="removeFromCart_ProductNotExist" classname="ServiceLayer.UserServiceTests" time="0.072"/>
  <testcase name="removeFromCart_UserNotExist" classname="ServiceLayer.UserServiceTests" time="0.072"/>
  <testcase name="addToCart_UserNotLoggedIn" classname="ServiceLayer.UserServiceTests" time="0.072"/>
  <testcase name="signup_UsernameIsEmpty" classname="ServiceLayer.UserServiceTests" time="0.071"/>
  <testcase name="signup_PasswordIsNull" classname="ServiceLayer.UserServiceTests" time="0.072"/>
  <testcase name="login_PasswordIsEmpty" classname="ServiceLayer.UserServiceTests" time="0.071"/>
  <testcase name="logoutRegistered_UserNotExist" classname="ServiceLayer.UserServiceTests" time="0.071"/>
</testsuite>