<?xml version="1.0" encoding="UTF-8"?>
<testsuite xmlns:xsi="http://www.w3.org/2001/XMLSchema-instance" xsi:noNamespaceSchemaLocation="https://maven.apache.org/surefire/maven-surefire-plugin/xsd/surefire-test-report-3.0.xsd" version="3.0" name="ServiceLayer.ShippingServiceTest" time="0.111" tests="6" errors="0" skipped="0" failures="0">
  <properties>
[...]
</properties>
  <testcase name="testProcessPayment_EmptyHomeNumber_Failure" classname="ServiceLayer.ShippingServiceTest" time="0.067">
    <system-out><![CDATA[DomainLayer.ShoppingBag@18f55704
]]></system-out>
  </testcase>
  <testcase name="testProcessShipping_EmptyState_Failure" classname="ServiceLayer.ShippingServiceTest" time="0.009">
    <system-out><![CDATA[DomainLayer.ShoppingBag@4779aae6
]]></system-out>
  </testcase>
  <testcase name="testProcessShipping_EmptyStreet_Failure" classname="ServiceLayer.ShippingServiceTest" time="0.01">
    <system-out><![CDATA[DomainLayer.ShoppingBag@3a2d3909
]]></system-out>
  </testcase>
  <testcase name="testProcessShipping_InvalidHomeNumber_Failure" classname="ServiceLayer.ShippingServiceTest" time="0.009">
    <system-out><![CDATA[DomainLayer.ShoppingBag@35ee466f
]]></system-out>
  </testcase>
  <testcase name="testProcessShipping_EmptyCity_Failure" classname="ServiceLayer.ShippingServiceTest" time="0.01">
    <system-out><![CDATA[DomainLayer.ShoppingBag@58b91d57
]]></system-out>
  </testcase>
  <testcase name="testProcessShipping_Successful" classname="ServiceLayer.ShippingServiceTest" time="0.006">
    <system-out><![CDATA[DomainLayer.ShoppingBag@43acd79e
]]></system-out>
  </testcase>
</testsuite>