<?xml version="1.0" encoding="UTF-8"?>
<testsuite xmlns:xsi="http://www.w3.org/2001/XMLSchema-instance" xsi:noNamespaceSchemaLocation="https://maven.apache.org/surefire/maven-surefire-plugin/xsd/surefire-test-report-3.0.xsd" version="3.0" name="AcceptanceTest.RealFlow1Test" time="4.366" tests="1" errors="1" skipped="0" failures="0">
  <properties>
[...]
</properties>
  <testcase name="fullBackendHappyPath" classname="AcceptanceTest.RealFlow1Test" time="0.057">
    <error message="failed to lazily initialize a collection of role: DomainLayer.Store.owners: could not initialize proxy - no Session" type="org.hibernate.LazyInitializationException"><![CDATA[org.hibernate.LazyInitializationException: failed to lazily initialize a collection of role: DomainLayer.Store.owners: could not initialize proxy - no Session
	at org.hibernate.collection.spi.AbstractPersistentCollection.throwLazyInitializationException(AbstractPersistentCollection.java:631)
	at org.hibernate.collection.spi.AbstractPersistentCollection.withTemporarySessionIfNeeded(AbstractPersistentCollection.java:218)
	at org.hibernate.collection.spi.AbstractPersistentCollection.readElementExistence(AbstractPersistentCollection.java:332)
	at org.hibernate.collection.spi.PersistentBag.contains(PersistentBag.java:360)
	at DomainLayer.Store.userIsOwner(Store.java:605)
	at DomainLayer.DomainServices.InventoryManagementMicroservice.checkPermission(InventoryManagementMicroservice.java:50)
	at DomainLayer.DomainServices.InventoryManagementMicroservice.addProduct(InventoryManagementMicroservice.java:89)
	at AcceptanceTest.RealFlow1Test.fullBackendHappyPath(RealFlow1.java:73)
	at java.base/jdk.internal.reflect.DirectMethodHandleAccessor.invoke(DirectMethodHandleAccessor.java:104)
	at java.base/java.lang.reflect.Method.invoke(Method.java:565)
	at org.junit.platform.commons.util.ReflectionUtils.invokeMethod(ReflectionUtils.java:727)
	at org.junit.jupiter.engine.execution.MethodInvocation.proceed(MethodInvocation.java:60)
	at org.junit.jupiter.engine.execution.InvocationInterceptorChain$ValidatingInvocation.proceed(InvocationInterceptorChain.java:131)
	at org.junit.jupiter.engine.extension.TimeoutExtension.intercept(TimeoutExtension.java:156)
	at org.junit.jupiter.engine.extension.TimeoutExtension.interceptTestableMethod(TimeoutExtension.java:147)
	at org.junit.jupiter.engine.extension.TimeoutExtension.interceptTestMethod(TimeoutExtension.java:86)
	at org.junit.jupiter.engine.execution.InterceptingExecutableInvoker$ReflectiveInterceptorCall.lambda$ofVoidMethod$0(InterceptingExecutableInvoker.java:103)
	at org.junit.jupiter.engine.execution.InterceptingExecutableInvoker.lambda$invoke$0(InterceptingExecutableInvoker.java:93)
	at org.junit.jupiter.engine.execution.InvocationInterceptorChain$InterceptedInvocation.proceed(InvocationInterceptorChain.java:106)
	at org.junit.jupiter.engine.execution.InvocationInterceptorChain.proceed(InvocationInterceptorChain.java:64)
	at org.junit.jupiter.engine.execution.InvocationInterceptorChain.chainAndInvoke(InvocationInterceptorChain.java:45)
	at org.junit.jupiter.engine.execution.InvocationInterceptorChain.invoke(InvocationInterceptorChain.java:37)
	at org.junit.jupiter.engine.execution.InterceptingExecutableInvoker.invoke(InterceptingExecutableInvoker.java:92)
	at org.junit.jupiter.engine.execution.InterceptingExecutableInvoker.invoke(InterceptingExecutableInvoker.java:86)
	at org.junit.jupiter.engine.descriptor.TestMethodTestDescriptor.lambda$invokeTestMethod$7(TestMethodTestDescriptor.java:217)
	at org.junit.platform.engine.support.hierarchical.ThrowableCollector.execute(ThrowableCollector.java:73)
	at org.junit.jupiter.engine.descriptor.TestMethodTestDescriptor.invokeTestMethod(TestMethodTestDescriptor.java:213)
	at org.junit.jupiter.engine.descriptor.TestMethodTestDescriptor.execute(TestMethodTestDescriptor.java:138)
	at org.junit.jupiter.engine.descriptor.TestMethodTestDescriptor.execute(TestMethodTestDescriptor.java:68)
	at org.junit.platform.engine.support.hierarchical.NodeTestTask.lambda$executeRecursively$6(NodeTestTask.java:151)
	at org.junit.platform.engine.support.hierarchical.ThrowableCollector.execute(ThrowableCollector.java:73)
	at org.junit.platform.engine.support.hierarchical.NodeTestTask.lambda$executeRecursively$8(NodeTestTask.java:141)
	at org.junit.platform.engine.support.hierarchical.Node.around(Node.java:137)
	at org.junit.platform.engine.support.hierarchical.NodeTestTask.lambda$executeRecursively$9(NodeTestTask.java:139)
	at org.junit.platform.engine.support.hierarchical.ThrowableCollector.execute(ThrowableCollector.java:73)
	at org.junit.platform.engine.support.hierarchical.NodeTestTask.executeRecursively(NodeTestTask.java:138)
	at org.junit.platform.engine.support.hierarchical.NodeTestTask.execute(NodeTestTask.java:95)
	at java.base/java.util.ArrayList.forEach(ArrayList.java:1604)
	at org.junit.platform.engine.support.hierarchical.SameThreadHierarchicalTestExecutorService.invokeAll(SameThreadHierarchicalTestExecutorService.java:41)
	at org.junit.platform.engine.support.hierarchical.NodeTestTask.lambda$executeRecursively$6(NodeTestTask.java:155)
	at org.junit.platform.engine.support.hierarchical.ThrowableCollector.execute(ThrowableCollector.java:73)
	at org.junit.platform.engine.support.hierarchical.NodeTestTask.lambda$executeRecursively$8(NodeTestTask.java:141)
	at org.junit.platform.engine.support.hierarchical.Node.around(Node.java:137)
	at org.junit.platform.engine.support.hierarchical.NodeTestTask.lambda$executeRecursively$9(NodeTestTask.java:139)
	at org.junit.platform.engine.support.hierarchical.ThrowableCollector.execute(ThrowableCollector.java:73)
	at org.junit.platform.engine.support.hierarchical.NodeTestTask.executeRecursively(NodeTestTask.java:138)
	at org.junit.platform.engine.support.hierarchical.NodeTestTask.execute(NodeTestTask.java:95)
	at java.base/java.util.ArrayList.forEach(ArrayList.java:1604)
	at org.junit.platform.engine.support.hierarchical.SameThreadHierarchicalTestExecutorService.invokeAll(SameThreadHierarchicalTestExecutorService.java:41)
	at org.junit.platform.engine.support.hierarchical.NodeTestTask.lambda$executeRecursively$6(NodeTestTask.java:155)
	at org.junit.platform.engine.support.hierarchical.ThrowableCollector.execute(ThrowableCollector.java:73)
	at org.junit.platform.engine.support.hierarchical.NodeTestTask.lambda$executeRecursively$8(NodeTestTask.java:141)
	at org.junit.platform.engine.support.hierarchical.Node.around(Node.java:137)
	at org.junit.platform.engine.support.hierarchical.NodeTestTask.lambda$executeRecursively$9(NodeTestTask.java:139)
	at org.junit.platform.engine.support.hierarchical.ThrowableCollector.execute(ThrowableCollector.java:73)
	at org.junit.platform.engine.support.hierarchical.NodeTestTask.executeRecursively(NodeTestTask.java:138)
	at org.junit.platform.engine.support.hierarchical.NodeTestTask.execute(NodeTestTask.java:95)
	at org.junit.platform.engine.support.hierarchical.SameThreadHierarchicalTestExecutorService.submit(SameThreadHierarchicalTestExecutorService.java:35)
	at org.junit.platform.engine.support.hierarchical.HierarchicalTestExecutor.execute(HierarchicalTestExecutor.java:57)
	at org.junit.platform.engine.support.hierarchical.HierarchicalTestEngine.execute(HierarchicalTestEngine.java:54)
	at org.junit.platform.launcher.core.EngineExecutionOrchestrator.execute(EngineExecutionOrchestrator.java:147)
	at org.junit.platform.launcher.core.EngineExecutionOrchestrator.execute(EngineExecutionOrchestrator.java:127)
	at org.junit.platform.launcher.core.EngineExecutionOrchestrator.execute(EngineExecutionOrchestrator.java:90)
	at org.junit.platform.launcher.core.EngineExecutionOrchestrator.lambda$execute$0(EngineExecutionOrchestrator.java:55)
	at org.junit.platform.launcher.core.EngineExecutionOrchestrator.withInterceptedStreams(EngineExecutionOrchestrator.java:102)
	at org.junit.platform.launcher.core.EngineExecutionOrchestrator.execute(EngineExecutionOrchestrator.java:54)
	at org.junit.platform.launcher.core.DefaultLauncher.execute(DefaultLauncher.java:114)
	at org.junit.platform.launcher.core.DefaultLauncher.execute(DefaultLauncher.java:86)
	at org.junit.platform.launcher.core.DefaultLauncherSession$DelegatingLauncher.execute(DefaultLauncherSession.java:86)
	at org.apache.maven.surefire.junitplatform.LazyLauncher.execute(LazyLauncher.java:56)
	at org.apache.maven.surefire.junitplatform.JUnitPlatformProvider.execute(JUnitPlatformProvider.java:184)
	at org.apache.maven.surefire.junitplatform.JUnitPlatformProvider.invokeAllTests(JUnitPlatformProvider.java:148)
	at org.apache.maven.surefire.junitplatform.JUnitPlatformProvider.invoke(JUnitPlatformProvider.java:122)
	at org.apache.maven.surefire.booter.ForkedBooter.runSuitesInProcess(ForkedBooter.java:385)
	at org.apache.maven.surefire.booter.ForkedBooter.execute(ForkedBooter.java:162)
	at org.apache.maven.surefire.booter.ForkedBooter.run(ForkedBooter.java:507)
	at org.apache.maven.surefire.booter.ForkedBooter.main(ForkedBooter.java:495)
]]></error>
    <system-out><![CDATA[
  .   ____          _            __ _ _
 /\\ / ___'_ __ _ _(_)_ __  __ _ \ \ \ \
( ( )\___ | '_ | '_| | '_ \/ _` | \ \ \ \
 \\/  ___)| |_)| | | | | || (_| |  ) ) ) )
  '  |____| .__|_| |_|_| |_\__, | / / / /
 =========|_|==============|___/=/_/_/_/
&amp#27;[32m :: Spring Boot :: &amp#27;[39m              &amp#27;[2m (v3.0.0)&amp#27;[0;39m

&amp#27;[2m2025-06-28T20:05:39.696+03:00&amp#27;[0;39m &amp#27;[32m INFO&amp#27;[0;39m &amp#27;[35m45451&amp#27;[0;39m &amp#27;[2m---&amp#27;[0;39m &amp#27;[2m[           main]&amp#27;[0;39m &amp#27;[36mo.a.maven.surefire.booter.ForkedBooter  &amp#27;[0;39m &amp#27;[2m:&amp#27;[0;39m Starting ForkedBooter v3.1.2 using Java 24.0.1 with PID 45451 (started by daniel.azulay in /Users/daniel.azulay/Project_course)
&amp#27;[2m2025-06-28T20:05:39.697+03:00&amp#27;[0;39m &amp#27;[32m INFO&amp#27;[0;39m &amp#27;[35m45451&amp#27;[0;39m &amp#27;[2m---&amp#27;[0;39m &amp#27;[2m[           main]&amp#27;[0;39m &amp#27;[36mo.a.maven.surefire.booter.ForkedBooter  &amp#27;[0;39m &amp#27;[2m:&amp#27;[0;39m No active profile set, falling back to 1 default profile: "default"
&amp#27;[2m2025-06-28T20:05:39.916+03:00&amp#27;[0;39m &amp#27;[32m INFO&amp#27;[0;39m &amp#27;[35m45451&amp#27;[0;39m &amp#27;[2m---&amp#27;[0;39m &amp#27;[2m[           main]&amp#27;[0;39m &amp#27;[36m.s.d.r.c.RepositoryConfigurationDelegate&amp#27;[0;39m &amp#27;[2m:&amp#27;[0;39m Bootstrapping Spring Data JPA repositories in DEFAULT mode.
&amp#27;[2m2025-06-28T20:05:39.943+03:00&amp#27;[0;39m &amp#27;[32m INFO&amp#27;[0;39m &amp#27;[35m45451&amp#27;[0;39m &amp#27;[2m---&amp#27;[0;39m &amp#27;[2m[           main]&amp#27;[0;39m &amp#27;[36m.s.d.r.c.RepositoryConfigurationDelegate&amp#27;[0;39m &amp#27;[2m:&amp#27;[0;39m Finished Spring Data repository scanning in 24 ms. Found 5 JPA repository interfaces.
&amp#27;[2m2025-06-28T20:05:40.262+03:00&amp#27;[0;39m &amp#27;[32m INFO&amp#27;[0;39m &amp#27;[35m45451&amp#27;[0;39m &amp#27;[2m---&amp#27;[0;39m &amp#27;[2m[           main]&amp#27;[0;39m &amp#27;[36mo.s.b.w.embedded.tomcat.TomcatWebServer &amp#27;[0;39m &amp#27;[2m:&amp#27;[0;39m Tomcat initialized with port(s): 8080 (http)
&amp#27;[2m2025-06-28T20:05:40.266+03:00&amp#27;[0;39m &amp#27;[32m INFO&amp#27;[0;39m &amp#27;[35m45451&amp#27;[0;39m &amp#27;[2m---&amp#27;[0;39m &amp#27;[2m[           main]&amp#27;[0;39m &amp#27;[36mo.apache.catalina.core.StandardService  &amp#27;[0;39m &amp#27;[2m:&amp#27;[0;39m Starting service [Tomcat]
&amp#27;[2m2025-06-28T20:05:40.266+03:00&amp#27;[0;39m &amp#27;[32m INFO&amp#27;[0;39m &amp#27;[35m45451&amp#27;[0;39m &amp#27;[2m---&amp#27;[0;39m &amp#27;[2m[           main]&amp#27;[0;39m &amp#27;[36mo.apache.catalina.core.StandardEngine   &amp#27;[0;39m &amp#27;[2m:&amp#27;[0;39m Starting Servlet engine: [Apache Tomcat/10.1.1]
&amp#27;[2m2025-06-28T20:05:40.304+03:00&amp#27;[0;39m &amp#27;[32m INFO&amp#27;[0;39m &amp#27;[35m45451&amp#27;[0;39m &amp#27;[2m---&amp#27;[0;39m &amp#27;[2m[           main]&amp#27;[0;39m &amp#27;[36mo.a.c.c.C.[Tomcat].[localhost].[/]      &amp#27;[0;39m &amp#27;[2m:&amp#27;[0;39m Initializing Spring embedded WebApplicationContext
&amp#27;[2m2025-06-28T20:05:40.305+03:00&amp#27;[0;39m &amp#27;[32m INFO&amp#27;[0;39m &amp#27;[35m45451&amp#27;[0;39m &amp#27;[2m---&amp#27;[0;39m &amp#27;[2m[           main]&amp#27;[0;39m &amp#27;[36mw.s.c.ServletWebServerApplicationContext&amp#27;[0;39m &amp#27;[2m:&amp#27;[0;39m Root WebApplicationContext: initialization completed in 589 ms
&amp#27;[2m2025-06-28T20:05:40.309+03:00&amp#27;[0;39m &amp#27;[33m WARN&amp#27;[0;39m &amp#27;[35m45451&amp#27;[0;39m &amp#27;[2m---&amp#27;[0;39m &amp#27;[2m[           main]&amp#27;[0;39m &amp#27;[36mocalVariableTableParameterNameDiscoverer&amp#27;[0;39m &amp#27;[2m:&amp#27;[0;39m Using deprecated '-debug' fallback for parameter name resolution. Compile the affected code with '-parameters' instead or avoid its introspection: com.vaadin.flow.spring.SpringBootAutoConfiguration
&amp#27;[2m2025-06-28T20:05:40.355+03:00&amp#27;[0;39m &amp#27;[32m INFO&amp#27;[0;39m &amp#27;[35m45451&amp#27;[0;39m &amp#27;[2m---&amp#27;[0;39m &amp#27;[2m[           main]&amp#27;[0;39m &amp#27;[36mcom.zaxxer.hikari.HikariDataSource      &amp#27;[0;39m &amp#27;[2m:&amp#27;[0;39m HikariPool-1 - Starting...
&amp#27;[2m2025-06-28T20:05:40.442+03:00&amp#27;[0;39m &amp#27;[32m INFO&amp#27;[0;39m &amp#27;[35m45451&amp#27;[0;39m &amp#27;[2m---&amp#27;[0;39m &amp#27;[2m[           main]&amp#27;[0;39m &amp#27;[36mcom.zaxxer.hikari.pool.HikariPool       &amp#27;[0;39m &amp#27;[2m:&amp#27;[0;39m HikariPool-1 - Added connection conn0: url=jdbc:h2:mem:flowdb user=SA
&amp#27;[2m2025-06-28T20:05:40.442+03:00&amp#27;[0;39m &amp#27;[32m INFO&amp#27;[0;39m &amp#27;[35m45451&amp#27;[0;39m &amp#27;[2m---&amp#27;[0;39m &amp#27;[2m[           main]&amp#27;[0;39m &amp#27;[36mcom.zaxxer.hikari.HikariDataSource      &amp#27;[0;39m &amp#27;[2m:&amp#27;[0;39m HikariPool-1 - Start completed.
&amp#27;[2m2025-06-28T20:05:40.448+03:00&amp#27;[0;39m &amp#27;[32m INFO&amp#27;[0;39m &amp#27;[35m45451&amp#27;[0;39m &amp#27;[2m---&amp#27;[0;39m &amp#27;[2m[           main]&amp#27;[0;39m &amp#27;[36mo.s.b.a.h2.H2ConsoleAutoConfiguration   &amp#27;[0;39m &amp#27;[2m:&amp#27;[0;39m H2 console available at '/h2-console'. Database available at 'jdbc:h2:mem:flowdb'
&amp#27;[2m2025-06-28T20:05:42.334+03:00&amp#27;[0;39m &amp#27;[32m INFO&amp#27;[0;39m &amp#27;[35m45451&amp#27;[0;39m &amp#27;[2m---&amp#27;[0;39m &amp#27;[2m[           main]&amp#27;[0;39m &amp#27;[36mc.v.f.s.VaadinServletContextInitializer &amp#27;[0;39m &amp#27;[2m:&amp#27;[0;39m Search for subclasses and classes with annotations took 1814 ms
&amp#27;[2m2025-06-28T20:05:42.540+03:00&amp#27;[0;39m &amp#27;[33m WARN&amp#27;[0;39m &amp#27;[35m45451&amp#27;[0;39m &amp#27;[2m---&amp#27;[0;39m &amp#27;[2m[           main]&amp#27;[0;39m &amp#27;[36moshi.util.platform.mac.SysctlUtil       &amp#27;[0;39m &amp#27;[2m:&amp#27;[0;39m Failed sysctl call: hw.cpufrequency, Error code: 2
&amp#27;[2m2025-06-28T20:05:42.548+03:00&amp#27;[0;39m &amp#27;[32m INFO&amp#27;[0;39m &amp#27;[35m45451&amp#27;[0;39m &amp#27;[2m---&amp#27;[0;39m &amp#27;[2m[           main]&amp#27;[0;39m &amp#27;[36mc.v.b.d.startup.DevModeStartupListener  &amp#27;[0;39m &amp#27;[2m:&amp#27;[0;39m Starting dev-mode updaters in /Users/daniel.azulay/Project_course folder.
&amp#27;[2m2025-06-28T20:05:42.564+03:00&amp#27;[0;39m &amp#27;[32m INFO&amp#27;[0;39m &amp#27;[35m45451&amp#27;[0;39m &amp#27;[2m---&amp#27;[0;39m &amp#27;[2m[           main]&amp#27;[0;39m &amp#27;[36mc.v.f.s.f.s.FullDependenciesScanner     &amp#27;[0;39m &amp#27;[2m:&amp#27;[0;39m Visited 124 classes. Took 10 ms.
&amp#27;[2m2025-06-28T20:05:42.565+03:00&amp#27;[0;39m &amp#27;[32m INFO&amp#27;[0;39m &amp#27;[35m45451&amp#27;[0;39m &amp#27;[2m---&amp#27;[0;39m &amp#27;[2m[           main]&amp#27;[0;39m &amp#27;[36mc.v.f.s.frontend.BundleValidationUtil   &amp#27;[0;39m &amp#27;[2m:&amp#27;[0;39m Checking if a development mode bundle build is needed
&amp#27;[2m2025-06-28T20:05:42.707+03:00&amp#27;[0;39m &amp#27;[32m INFO&amp#27;[0;39m &amp#27;[35m45451&amp#27;[0;39m &amp#27;[2m---&amp#27;[0;39m &amp#27;[2m[           main]&amp#27;[0;39m &amp#27;[36mc.v.f.s.frontend.BundleValidationUtil   &amp#27;[0;39m &amp#27;[2m:&amp#27;[0;39m A development mode bundle build is not needed
&amp#27;[2m2025-06-28T20:05:42.717+03:00&amp#27;[0;39m &amp#27;[32m INFO&amp#27;[0;39m &amp#27;[35m45451&amp#27;[0;39m &amp#27;[2m---&amp#27;[0;39m &amp#27;[2m[onPool-worker-1]&amp#27;[0;39m &amp#27;[36mc.v.f.s.frontend.TaskCopyFrontendFiles  &amp#27;[0;39m &amp#27;[2m:&amp#27;[0;39m Copying frontend resources from jar files ...
&amp#27;[2m2025-06-28T20:05:42.740+03:00&amp#27;[0;39m &amp#27;[32m INFO&amp#27;[0;39m &amp#27;[35m45451&amp#27;[0;39m &amp#27;[2m---&amp#27;[0;39m &amp#27;[2m[onPool-worker-1]&amp#27;[0;39m &amp#27;[36mc.v.f.s.frontend.TaskCopyFrontendFiles  &amp#27;[0;39m &amp#27;[2m:&amp#27;[0;39m Visited 17 resources. Took 23 ms.
&amp#27;[2m2025-06-28T20:05:42.822+03:00&amp#27;[0;39m &amp#27;[32m INFO&amp#27;[0;39m &amp#27;[35m45451&amp#27;[0;39m &amp#27;[2m---&amp#27;[0;39m &amp#27;[2m[           main]&amp#27;[0;39m &amp#27;[36mo.hibernate.jpa.internal.util.LogHelper &amp#27;[0;39m &amp#27;[2m:&amp#27;[0;39m HHH000204: Processing PersistenceUnitInfo [name: default]
&amp#27;[2m2025-06-28T20:05:42.843+03:00&amp#27;[0;39m &amp#27;[32m INFO&amp#27;[0;39m &amp#27;[35m45451&amp#27;[0;39m &amp#27;[2m---&amp#27;[0;39m &amp#27;[2m[           main]&amp#27;[0;39m &amp#27;[36morg.hibernate.Version                   &amp#27;[0;39m &amp#27;[2m:&amp#27;[0;39m HHH000412: Hibernate ORM core version 6.1.5.Final
&amp#27;[2m2025-06-28T20:05:42.901+03:00&amp#27;[0;39m &amp#27;[33m WARN&amp#27;[0;39m &amp#27;[35m45451&amp#27;[0;39m &amp#27;[2m---&amp#27;[0;39m &amp#27;[2m[           main]&amp#27;[0;39m &amp#27;[36morg.hibernate.orm.deprecation           &amp#27;[0;39m &amp#27;[2m:&amp#27;[0;39m HHH90000021: Encountered deprecated setting [javax.persistence.sharedCache.mode], use [jakarta.persistence.sharedCache.mode] instead
&amp#27;[2m2025-06-28T20:05:42.950+03:00&amp#27;[0;39m &amp#27;[32m INFO&amp#27;[0;39m &amp#27;[35m45451&amp#27;[0;39m &amp#27;[2m---&amp#27;[0;39m &amp#27;[2m[           main]&amp#27;[0;39m &amp#27;[36mSQL dialect                             &amp#27;[0;39m &amp#27;[2m:&amp#27;[0;39m HHH000400: Using dialect: org.hibernate.dialect.H2Dialect
&amp#27;[2m2025-06-28T20:05:43.364+03:00&amp#27;[0;39m &amp#27;[32m INFO&amp#27;[0;39m &amp#27;[35m45451&amp#27;[0;39m &amp#27;[2m---&amp#27;[0;39m &amp#27;[2m[           main]&amp#27;[0;39m &amp#27;[36mo.h.e.t.j.p.i.JtaPlatformInitiator      &amp#27;[0;39m &amp#27;[2m:&amp#27;[0;39m HHH000490: Using JtaPlatform implementation: [org.hibernate.engine.transaction.jta.platform.internal.NoJtaPlatform]
&amp#27;[2m2025-06-28T20:05:43.367+03:00&amp#27;[0;39m &amp#27;[32m INFO&amp#27;[0;39m &amp#27;[35m45451&amp#27;[0;39m &amp#27;[2m---&amp#27;[0;39m &amp#27;[2m[           main]&amp#27;[0;39m &amp#27;[36mj.LocalContainerEntityManagerFactoryBean&amp#27;[0;39m &amp#27;[2m:&amp#27;[0;39m Initialized JPA EntityManagerFactory for persistence unit 'default'
&amp#27;[2m2025-06-28T20:05:43.545+03:00&amp#27;[0;39m &amp#27;[33m WARN&amp#27;[0;39m &amp#27;[35m45451&amp#27;[0;39m &amp#27;[2m---&amp#27;[0;39m &amp#27;[2m[           main]&amp#27;[0;39m &amp#27;[36mocalVariableTableParameterNameDiscoverer&amp#27;[0;39m &amp#27;[2m:&amp#27;[0;39m Using deprecated '-debug' fallback for parameter name resolution. Compile the affected code with '-parameters' instead or avoid its introspection: com.vaadin.flow.spring.VaadinServletConfiguration
&amp#27;[2m2025-06-28T20:05:43.561+03:00&amp#27;[0;39m &amp#27;[33m WARN&amp#27;[0;39m &amp#27;[35m45451&amp#27;[0;39m &amp#27;[2m---&amp#27;[0;39m &amp#27;[2m[           main]&amp#27;[0;39m &amp#27;[36mJpaBaseConfiguration$JpaWebConfiguration&amp#27;[0;39m &amp#27;[2m:&amp#27;[0;39m spring.jpa.open-in-view is enabled by default. Therefore, database queries may be performed during view rendering. Explicitly configure spring.jpa.open-in-view to disable this warning
&amp#27;[2m2025-06-28T20:05:43.696+03:00&amp#27;[0;39m &amp#27;[32m INFO&amp#27;[0;39m &amp#27;[35m45451&amp#27;[0;39m &amp#27;[2m---&amp#27;[0;39m &amp#27;[2m[           main]&amp#27;[0;39m &amp#27;[36mo.s.b.a.e.web.EndpointLinksResolver     &amp#27;[0;39m &amp#27;[2m:&amp#27;[0;39m Exposing 1 endpoint(s) beneath base path '/actuator'
&amp#27;[2m2025-06-28T20:05:43.711+03:00&amp#27;[0;39m &amp#27;[32m INFO&amp#27;[0;39m &amp#27;[35m45451&amp#27;[0;39m &amp#27;[2m---&amp#27;[0;39m &amp#27;[2m[           main]&amp#27;[0;39m &amp#27;[36morg.atmosphere.cpr.AtmosphereFramework  &amp#27;[0;39m &amp#27;[2m:&amp#27;[0;39m Installed AtmosphereHandler com.vaadin.flow.server.communication.PushAtmosphereHandler mapped to context-path: /*
&amp#27;[2m2025-06-28T20:05:43.711+03:00&amp#27;[0;39m &amp#27;[32m INFO&amp#27;[0;39m &amp#27;[35m45451&amp#27;[0;39m &amp#27;[2m---&amp#27;[0;39m &amp#27;[2m[           main]&amp#27;[0;39m &amp#27;[36morg.atmosphere.cpr.AtmosphereFramework  &amp#27;[0;39m &amp#27;[2m:&amp#27;[0;39m Installed the following AtmosphereInterceptor mapped to AtmosphereHandler com.vaadin.flow.server.communication.PushAtmosphereHandler
&amp#27;[2m2025-06-28T20:05:43.724+03:00&amp#27;[0;39m &amp#27;[32m INFO&amp#27;[0;39m &amp#27;[35m45451&amp#27;[0;39m &amp#27;[2m---&amp#27;[0;39m &amp#27;[2m[           main]&amp#27;[0;39m &amp#27;[36morg.atmosphere.cpr.AtmosphereFramework  &amp#27;[0;39m &amp#27;[2m:&amp#27;[0;39m Atmosphere is using org.atmosphere.util.VoidAnnotationProcessor for processing annotation
&amp#27;[2m2025-06-28T20:05:43.727+03:00&amp#27;[0;39m &amp#27;[32m INFO&amp#27;[0;39m &amp#27;[35m45451&amp#27;[0;39m &amp#27;[2m---&amp#27;[0;39m &amp#27;[2m[           main]&amp#27;[0;39m &amp#27;[36morg.atmosphere.util.ForkJoinPool        &amp#27;[0;39m &amp#27;[2m:&amp#27;[0;39m Using ForkJoinPool  java.util.concurrent.ForkJoinPool. Set the org.atmosphere.cpr.broadcaster.maxAsyncWriteThreads to -1 to fully use its power.
&amp#27;[2m2025-06-28T20:05:43.728+03:00&amp#27;[0;39m &amp#27;[32m INFO&amp#27;[0;39m &amp#27;[35m45451&amp#27;[0;39m &amp#27;[2m---&amp#27;[0;39m &amp#27;[2m[           main]&amp#27;[0;39m &amp#27;[36morg.atmosphere.cpr.AtmosphereFramework  &amp#27;[0;39m &amp#27;[2m:&amp#27;[0;39m Installed WebSocketProtocol org.atmosphere.websocket.protocol.SimpleHttpProtocol 
&amp#27;[2m2025-06-28T20:05:43.730+03:00&amp#27;[0;39m &amp#27;[32m INFO&amp#27;[0;39m &amp#27;[35m45451&amp#27;[0;39m &amp#27;[2m---&amp#27;[0;39m &amp#27;[2m[           main]&amp#27;[0;39m &amp#27;[36mo.a.container.JSR356AsyncSupport        &amp#27;[0;39m &amp#27;[2m:&amp#27;[0;39m JSR 356 Mapping path /VAADIN/push
&amp#27;[2m2025-06-28T20:05:43.732+03:00&amp#27;[0;39m &amp#27;[32m INFO&amp#27;[0;39m &amp#27;[35m45451&amp#27;[0;39m &amp#27;[2m---&amp#27;[0;39m &amp#27;[2m[           main]&amp#27;[0;39m &amp#27;[36morg.atmosphere.cpr.AtmosphereFramework  &amp#27;[0;39m &amp#27;[2m:&amp#27;[0;39m Installing Default AtmosphereInterceptors
&amp#27;[2m2025-06-28T20:05:43.732+03:00&amp#27;[0;39m &amp#27;[32m INFO&amp#27;[0;39m &amp#27;[35m45451&amp#27;[0;39m &amp#27;[2m---&amp#27;[0;39m &amp#27;[2m[           main]&amp#27;[0;39m &amp#27;[36morg.atmosphere.cpr.AtmosphereFramework  &amp#27;[0;39m &amp#27;[2m:&amp#27;[0;39m 	org.atmosphere.interceptor.CorsInterceptor : CORS Interceptor Support
&amp#27;[2m2025-06-28T20:05:43.732+03:00&amp#27;[0;39m &amp#27;[32m INFO&amp#27;[0;39m &amp#27;[35m45451&amp#27;[0;39m &amp#27;[2m---&amp#27;[0;39m &amp#27;[2m[           main]&amp#27;[0;39m &amp#27;[36morg.atmosphere.cpr.AtmosphereFramework  &amp#27;[0;39m &amp#27;[2m:&amp#27;[0;39m 	org.atmosphere.interceptor.CacheHeadersInterceptor : Default Response's Headers Interceptor
&amp#27;[2m2025-06-28T20:05:43.733+03:00&amp#27;[0;39m &amp#27;[32m INFO&amp#27;[0;39m &amp#27;[35m45451&amp#27;[0;39m &amp#27;[2m---&amp#27;[0;39m &amp#27;[2m[           main]&amp#27;[0;39m &amp#27;[36morg.atmosphere.cpr.AtmosphereFramework  &amp#27;[0;39m &amp#27;[2m:&amp#27;[0;39m 	org.atmosphere.interceptor.PaddingAtmosphereInterceptor : Browser Padding Interceptor Support
&amp#27;[2m2025-06-28T20:05:43.733+03:00&amp#27;[0;39m &amp#27;[32m INFO&amp#27;[0;39m &amp#27;[35m45451&amp#27;[0;39m &amp#27;[2m---&amp#27;[0;39m &amp#27;[2m[           main]&amp#27;[0;39m &amp#27;[36morg.atmosphere.cpr.AtmosphereFramework  &amp#27;[0;39m &amp#27;[2m:&amp#27;[0;39m 	org.atmosphere.interceptor.AndroidAtmosphereInterceptor : Android Interceptor Support
&amp#27;[2m2025-06-28T20:05:43.733+03:00&amp#27;[0;39m &amp#27;[32m INFO&amp#27;[0;39m &amp#27;[35m45451&amp#27;[0;39m &amp#27;[2m---&amp#27;[0;39m &amp#27;[2m[           main]&amp#27;[0;39m &amp#27;[36morg.atmosphere.cpr.AtmosphereFramework  &amp#27;[0;39m &amp#27;[2m:&amp#27;[0;39m 	org.atmosphere.interceptor.HeartbeatInterceptor : Heartbeat Interceptor Support
&amp#27;[2m2025-06-28T20:05:43.733+03:00&amp#27;[0;39m &amp#27;[32m INFO&amp#27;[0;39m &amp#27;[35m45451&amp#27;[0;39m &amp#27;[2m---&amp#27;[0;39m &amp#27;[2m[           main]&amp#27;[0;39m &amp#27;[36morg.atmosphere.cpr.AtmosphereFramework  &amp#27;[0;39m &amp#27;[2m:&amp#27;[0;39m 	org.atmosphere.interceptor.SSEAtmosphereInterceptor : SSE Interceptor Support
&amp#27;[2m2025-06-28T20:05:43.733+03:00&amp#27;[0;39m &amp#27;[32m INFO&amp#27;[0;39m &amp#27;[35m45451&amp#27;[0;39m &amp#27;[2m---&amp#27;[0;39m &amp#27;[2m[           main]&amp#27;[0;39m &amp#27;[36morg.atmosphere.cpr.AtmosphereFramework  &amp#27;[0;39m &amp#27;[2m:&amp#27;[0;39m 	org.atmosphere.interceptor.JSONPAtmosphereInterceptor : JSONP Interceptor Support
&amp#27;[2m2025-06-28T20:05:43.733+03:00&amp#27;[0;39m &amp#27;[32m INFO&amp#27;[0;39m &amp#27;[35m45451&amp#27;[0;39m &amp#27;[2m---&amp#27;[0;39m &amp#27;[2m[           main]&amp#27;[0;39m &amp#27;[36morg.atmosphere.cpr.AtmosphereFramework  &amp#27;[0;39m &amp#27;[2m:&amp#27;[0;39m 	org.atmosphere.interceptor.JavaScriptProtocol : Atmosphere JavaScript Protocol
&amp#27;[2m2025-06-28T20:05:43.733+03:00&amp#27;[0;39m &amp#27;[32m INFO&amp#27;[0;39m &amp#27;[35m45451&amp#27;[0;39m &amp#27;[2m---&amp#27;[0;39m &amp#27;[2m[           main]&amp#27;[0;39m &amp#27;[36morg.atmosphere.cpr.AtmosphereFramework  &amp#27;[0;39m &amp#27;[2m:&amp#27;[0;39m 	org.atmosphere.interceptor.WebSocketMessageSuspendInterceptor : org.atmosphere.interceptor.WebSocketMessageSuspendInterceptor
&amp#27;[2m2025-06-28T20:05:43.734+03:00&amp#27;[0;39m &amp#27;[32m INFO&amp#27;[0;39m &amp#27;[35m45451&amp#27;[0;39m &amp#27;[2m---&amp#27;[0;39m &amp#27;[2m[           main]&amp#27;[0;39m &amp#27;[36morg.atmosphere.cpr.AtmosphereFramework  &amp#27;[0;39m &amp#27;[2m:&amp#27;[0;39m 	org.atmosphere.interceptor.OnDisconnectInterceptor : Browser disconnection detection
&amp#27;[2m2025-06-28T20:05:43.734+03:00&amp#27;[0;39m &amp#27;[32m INFO&amp#27;[0;39m &amp#27;[35m45451&amp#27;[0;39m &amp#27;[2m---&amp#27;[0;39m &amp#27;[2m[           main]&amp#27;[0;39m &amp#27;[36morg.atmosphere.cpr.AtmosphereFramework  &amp#27;[0;39m &amp#27;[2m:&amp#27;[0;39m 	org.atmosphere.interceptor.IdleResourceInterceptor : org.atmosphere.interceptor.IdleResourceInterceptor
&amp#27;[2m2025-06-28T20:05:43.734+03:00&amp#27;[0;39m &amp#27;[32m INFO&amp#27;[0;39m &amp#27;[35m45451&amp#27;[0;39m &amp#27;[2m---&amp#27;[0;39m &amp#27;[2m[           main]&amp#27;[0;39m &amp#27;[36morg.atmosphere.cpr.AtmosphereFramework  &amp#27;[0;39m &amp#27;[2m:&amp#27;[0;39m Set org.atmosphere.cpr.AtmosphereInterceptor.disableDefaults to disable them.
&amp#27;[2m2025-06-28T20:05:43.734+03:00&amp#27;[0;39m &amp#27;[32m INFO&amp#27;[0;39m &amp#27;[35m45451&amp#27;[0;39m &amp#27;[2m---&amp#27;[0;39m &amp#27;[2m[           main]&amp#27;[0;39m &amp#27;[36morg.atmosphere.cpr.AtmosphereFramework  &amp#27;[0;39m &amp#27;[2m:&amp#27;[0;39m Installed AtmosphereInterceptor CORS Interceptor Support with priority FIRST_BEFORE_DEFAULT 
&amp#27;[2m2025-06-28T20:05:43.734+03:00&amp#27;[0;39m &amp#27;[32m INFO&amp#27;[0;39m &amp#27;[35m45451&amp#27;[0;39m &amp#27;[2m---&amp#27;[0;39m &amp#27;[2m[           main]&amp#27;[0;39m &amp#27;[36morg.atmosphere.cpr.AtmosphereFramework  &amp#27;[0;39m &amp#27;[2m:&amp#27;[0;39m Installed AtmosphereInterceptor Default Response's Headers Interceptor with priority AFTER_DEFAULT 
&amp#27;[2m2025-06-28T20:05:43.734+03:00&amp#27;[0;39m &amp#27;[32m INFO&amp#27;[0;39m &amp#27;[35m45451&amp#27;[0;39m &amp#27;[2m---&amp#27;[0;39m &amp#27;[2m[           main]&amp#27;[0;39m &amp#27;[36morg.atmosphere.cpr.AtmosphereFramework  &amp#27;[0;39m &amp#27;[2m:&amp#27;[0;39m Installed AtmosphereInterceptor Browser Padding Interceptor Support with priority AFTER_DEFAULT 
&amp#27;[2m2025-06-28T20:05:43.734+03:00&amp#27;[0;39m &amp#27;[32m INFO&amp#27;[0;39m &amp#27;[35m45451&amp#27;[0;39m &amp#27;[2m---&amp#27;[0;39m &amp#27;[2m[           main]&amp#27;[0;39m &amp#27;[36morg.atmosphere.cpr.AtmosphereFramework  &amp#27;[0;39m &amp#27;[2m:&amp#27;[0;39m Installed AtmosphereInterceptor Android Interceptor Support with priority AFTER_DEFAULT 
&amp#27;[2m2025-06-28T20:05:43.734+03:00&amp#27;[0;39m &amp#27;[32m INFO&amp#27;[0;39m &amp#27;[35m45451&amp#27;[0;39m &amp#27;[2m---&amp#27;[0;39m &amp#27;[2m[           main]&amp#27;[0;39m &amp#27;[36mo.a.interceptor.HeartbeatInterceptor    &amp#27;[0;39m &amp#27;[2m:&amp#27;[0;39m HeartbeatInterceptor configured with padding value 'X', client frequency 0 seconds and server frequency 60 seconds
&amp#27;[2m2025-06-28T20:05:43.734+03:00&amp#27;[0;39m &amp#27;[32m INFO&amp#27;[0;39m &amp#27;[35m45451&amp#27;[0;39m &amp#27;[2m---&amp#27;[0;39m &amp#27;[2m[           main]&amp#27;[0;39m &amp#27;[36morg.atmosphere.cpr.AtmosphereFramework  &amp#27;[0;39m &amp#27;[2m:&amp#27;[0;39m Installed AtmosphereInterceptor Heartbeat Interceptor Support with priority AFTER_DEFAULT 
&amp#27;[2m2025-06-28T20:05:43.734+03:00&amp#27;[0;39m &amp#27;[32m INFO&amp#27;[0;39m &amp#27;[35m45451&amp#27;[0;39m &amp#27;[2m---&amp#27;[0;39m &amp#27;[2m[           main]&amp#27;[0;39m &amp#27;[36morg.atmosphere.cpr.AtmosphereFramework  &amp#27;[0;39m &amp#27;[2m:&amp#27;[0;39m Installed AtmosphereInterceptor SSE Interceptor Support with priority AFTER_DEFAULT 
&amp#27;[2m2025-06-28T20:05:43.734+03:00&amp#27;[0;39m &amp#27;[32m INFO&amp#27;[0;39m &amp#27;[35m45451&amp#27;[0;39m &amp#27;[2m---&amp#27;[0;39m &amp#27;[2m[           main]&amp#27;[0;39m &amp#27;[36morg.atmosphere.cpr.AtmosphereFramework  &amp#27;[0;39m &amp#27;[2m:&amp#27;[0;39m Installed AtmosphereInterceptor JSONP Interceptor Support with priority AFTER_DEFAULT 
&amp#27;[2m2025-06-28T20:05:43.734+03:00&amp#27;[0;39m &amp#27;[32m INFO&amp#27;[0;39m &amp#27;[35m45451&amp#27;[0;39m &amp#27;[2m---&amp#27;[0;39m &amp#27;[2m[           main]&amp#27;[0;39m &amp#27;[36morg.atmosphere.cpr.AtmosphereFramework  &amp#27;[0;39m &amp#27;[2m:&amp#27;[0;39m Installed AtmosphereInterceptor Atmosphere JavaScript Protocol with priority AFTER_DEFAULT 
&amp#27;[2m2025-06-28T20:05:43.734+03:00&amp#27;[0;39m &amp#27;[32m INFO&amp#27;[0;39m &amp#27;[35m45451&amp#27;[0;39m &amp#27;[2m---&amp#27;[0;39m &amp#27;[2m[           main]&amp#27;[0;39m &amp#27;[36morg.atmosphere.cpr.AtmosphereFramework  &amp#27;[0;39m &amp#27;[2m:&amp#27;[0;39m Installed AtmosphereInterceptor org.atmosphere.interceptor.WebSocketMessageSuspendInterceptor with priority AFTER_DEFAULT 
&amp#27;[2m2025-06-28T20:05:43.734+03:00&amp#27;[0;39m &amp#27;[32m INFO&amp#27;[0;39m &amp#27;[35m45451&amp#27;[0;39m &amp#27;[2m---&amp#27;[0;39m &amp#27;[2m[           main]&amp#27;[0;39m &amp#27;[36morg.atmosphere.cpr.AtmosphereFramework  &amp#27;[0;39m &amp#27;[2m:&amp#27;[0;39m Installed AtmosphereInterceptor Browser disconnection detection with priority AFTER_DEFAULT 
&amp#27;[2m2025-06-28T20:05:43.734+03:00&amp#27;[0;39m &amp#27;[32m INFO&amp#27;[0;39m &amp#27;[35m45451&amp#27;[0;39m &amp#27;[2m---&amp#27;[0;39m &amp#27;[2m[           main]&amp#27;[0;39m &amp#27;[36morg.atmosphere.cpr.AtmosphereFramework  &amp#27;[0;39m &amp#27;[2m:&amp#27;[0;39m Installed AtmosphereInterceptor org.atmosphere.interceptor.IdleResourceInterceptor with priority BEFORE_DEFAULT 
&amp#27;[2m2025-06-28T20:05:43.735+03:00&amp#27;[0;39m &amp#27;[32m INFO&amp#27;[0;39m &amp#27;[35m45451&amp#27;[0;39m &amp#27;[2m---&amp#27;[0;39m &amp#27;[2m[           main]&amp#27;[0;39m &amp#27;[36morg.atmosphere.cpr.AtmosphereFramework  &amp#27;[0;39m &amp#27;[2m:&amp#27;[0;39m Using EndpointMapper class org.atmosphere.util.DefaultEndpointMapper
&amp#27;[2m2025-06-28T20:05:43.735+03:00&amp#27;[0;39m &amp#27;[32m INFO&amp#27;[0;39m &amp#27;[35m45451&amp#27;[0;39m &amp#27;[2m---&amp#27;[0;39m &amp#27;[2m[           main]&amp#27;[0;39m &amp#27;[36morg.atmosphere.cpr.AtmosphereFramework  &amp#27;[0;39m &amp#27;[2m:&amp#27;[0;39m Using BroadcasterCache: org.atmosphere.cache.UUIDBroadcasterCache
&amp#27;[2m2025-06-28T20:05:43.735+03:00&amp#27;[0;39m &amp#27;[32m INFO&amp#27;[0;39m &amp#27;[35m45451&amp#27;[0;39m &amp#27;[2m---&amp#27;[0;39m &amp#27;[2m[           main]&amp#27;[0;39m &amp#27;[36morg.atmosphere.cpr.AtmosphereFramework  &amp#27;[0;39m &amp#27;[2m:&amp#27;[0;39m Default Broadcaster Class: org.atmosphere.cpr.DefaultBroadcaster
&amp#27;[2m2025-06-28T20:05:43.735+03:00&amp#27;[0;39m &amp#27;[32m INFO&amp#27;[0;39m &amp#27;[35m45451&amp#27;[0;39m &amp#27;[2m---&amp#27;[0;39m &amp#27;[2m[           main]&amp#27;[0;39m &amp#27;[36morg.atmosphere.cpr.AtmosphereFramework  &amp#27;[0;39m &amp#27;[2m:&amp#27;[0;39m Broadcaster Shared List Resources: false
&amp#27;[2m2025-06-28T20:05:43.735+03:00&amp#27;[0;39m &amp#27;[32m INFO&amp#27;[0;39m &amp#27;[35m45451&amp#27;[0;39m &amp#27;[2m---&amp#27;[0;39m &amp#27;[2m[           main]&amp#27;[0;39m &amp#27;[36morg.atmosphere.cpr.AtmosphereFramework  &amp#27;[0;39m &amp#27;[2m:&amp#27;[0;39m Broadcaster Polling Wait Time 100
&amp#27;[2m2025-06-28T20:05:43.735+03:00&amp#27;[0;39m &amp#27;[32m INFO&amp#27;[0;39m &amp#27;[35m45451&amp#27;[0;39m &amp#27;[2m---&amp#27;[0;39m &amp#27;[2m[           main]&amp#27;[0;39m &amp#27;[36morg.atmosphere.cpr.AtmosphereFramework  &amp#27;[0;39m &amp#27;[2m:&amp#27;[0;39m Shared ExecutorService supported: true
&amp#27;[2m2025-06-28T20:05:43.735+03:00&amp#27;[0;39m &amp#27;[32m INFO&amp#27;[0;39m &amp#27;[35m45451&amp#27;[0;39m &amp#27;[2m---&amp#27;[0;39m &amp#27;[2m[           main]&amp#27;[0;39m &amp#27;[36morg.atmosphere.cpr.AtmosphereFramework  &amp#27;[0;39m &amp#27;[2m:&amp#27;[0;39m Messaging ExecutorService Pool Size unavailable - Not instance of ThreadPoolExecutor
&amp#27;[2m2025-06-28T20:05:43.735+03:00&amp#27;[0;39m &amp#27;[32m INFO&amp#27;[0;39m &amp#27;[35m45451&amp#27;[0;39m &amp#27;[2m---&amp#27;[0;39m &amp#27;[2m[           main]&amp#27;[0;39m &amp#27;[36morg.atmosphere.cpr.AtmosphereFramework  &amp#27;[0;39m &amp#27;[2m:&amp#27;[0;39m Async I/O Thread Pool Size: 200
&amp#27;[2m2025-06-28T20:05:43.735+03:00&amp#27;[0;39m &amp#27;[32m INFO&amp#27;[0;39m &amp#27;[35m45451&amp#27;[0;39m &amp#27;[2m---&amp#27;[0;39m &amp#27;[2m[           main]&amp#27;[0;39m &amp#27;[36morg.atmosphere.cpr.AtmosphereFramework  &amp#27;[0;39m &amp#27;[2m:&amp#27;[0;39m Using BroadcasterFactory: org.atmosphere.cpr.DefaultBroadcasterFactory
&amp#27;[2m2025-06-28T20:05:43.735+03:00&amp#27;[0;39m &amp#27;[32m INFO&amp#27;[0;39m &amp#27;[35m45451&amp#27;[0;39m &amp#27;[2m---&amp#27;[0;39m &amp#27;[2m[           main]&amp#27;[0;39m &amp#27;[36morg.atmosphere.cpr.AtmosphereFramework  &amp#27;[0;39m &amp#27;[2m:&amp#27;[0;39m Using AtmosphereResurceFactory: org.atmosphere.cpr.DefaultAtmosphereResourceFactory
&amp#27;[2m2025-06-28T20:05:43.735+03:00&amp#27;[0;39m &amp#27;[32m INFO&amp#27;[0;39m &amp#27;[35m45451&amp#27;[0;39m &amp#27;[2m---&amp#27;[0;39m &amp#27;[2m[           main]&amp#27;[0;39m &amp#27;[36morg.atmosphere.cpr.AtmosphereFramework  &amp#27;[0;39m &amp#27;[2m:&amp#27;[0;39m Using WebSocketProcessor: org.atmosphere.websocket.DefaultWebSocketProcessor
&amp#27;[2m2025-06-28T20:05:43.736+03:00&amp#27;[0;39m &amp#27;[32m INFO&amp#27;[0;39m &amp#27;[35m45451&amp#27;[0;39m &amp#27;[2m---&amp#27;[0;39m &amp#27;[2m[           main]&amp#27;[0;39m &amp#27;[36morg.atmosphere.cpr.AtmosphereFramework  &amp#27;[0;39m &amp#27;[2m:&amp#27;[0;39m Invoke AtmosphereInterceptor on WebSocket message true
&amp#27;[2m2025-06-28T20:05:43.736+03:00&amp#27;[0;39m &amp#27;[32m INFO&amp#27;[0;39m &amp#27;[35m45451&amp#27;[0;39m &amp#27;[2m---&amp#27;[0;39m &amp#27;[2m[           main]&amp#27;[0;39m &amp#27;[36morg.atmosphere.cpr.AtmosphereFramework  &amp#27;[0;39m &amp#27;[2m:&amp#27;[0;39m HttpSession supported: true
&amp#27;[2m2025-06-28T20:05:43.736+03:00&amp#27;[0;39m &amp#27;[32m INFO&amp#27;[0;39m &amp#27;[35m45451&amp#27;[0;39m &amp#27;[2m---&amp#27;[0;39m &amp#27;[2m[           main]&amp#27;[0;39m &amp#27;[36morg.atmosphere.cpr.AtmosphereFramework  &amp#27;[0;39m &amp#27;[2m:&amp#27;[0;39m Atmosphere is using org.atmosphere.inject.InjectableObjectFactory for dependency injection and object creation
&amp#27;[2m2025-06-28T20:05:43.736+03:00&amp#27;[0;39m &amp#27;[32m INFO&amp#27;[0;39m &amp#27;[35m45451&amp#27;[0;39m &amp#27;[2m---&amp#27;[0;39m &amp#27;[2m[           main]&amp#27;[0;39m &amp#27;[36morg.atmosphere.cpr.AtmosphereFramework  &amp#27;[0;39m &amp#27;[2m:&amp#27;[0;39m Atmosphere is using async support: org.atmosphere.container.JSR356AsyncSupport running under container: Apache Tomcat/10.1.1 using jakarta.servlet/3.0 and jsr356/WebSocket API
&amp#27;[2m2025-06-28T20:05:43.736+03:00&amp#27;[0;39m &amp#27;[32m INFO&amp#27;[0;39m &amp#27;[35m45451&amp#27;[0;39m &amp#27;[2m---&amp#27;[0;39m &amp#27;[2m[           main]&amp#27;[0;39m &amp#27;[36morg.atmosphere.cpr.AtmosphereFramework  &amp#27;[0;39m &amp#27;[2m:&amp#27;[0;39m Atmosphere Framework 3.0.3.slf4jvaadin1 started.
&amp#27;[2m2025-06-28T20:05:43.738+03:00&amp#27;[0;39m &amp#27;[32m INFO&amp#27;[0;39m &amp#27;[35m45451&amp#27;[0;39m &amp#27;[2m---&amp#27;[0;39m &amp#27;[2m[           main]&amp#27;[0;39m &amp#27;[36morg.atmosphere.cpr.AtmosphereFramework  &amp#27;[0;39m &amp#27;[2m:&amp#27;[0;39m Installed AtmosphereInterceptor  Track Message Size Interceptor using | with priority BEFORE_DEFAULT 
&amp#27;[2m2025-06-28T20:05:43.760+03:00&amp#27;[0;39m &amp#27;[32m INFO&amp#27;[0;39m &amp#27;[35m45451&amp#27;[0;39m &amp#27;[2m---&amp#27;[0;39m &amp#27;[2m[           main]&amp#27;[0;39m &amp#27;[36mc.v.f.s.DefaultDeploymentConfiguration  &amp#27;[0;39m &amp#27;[2m:&amp#27;[0;39m 
Vaadin is running in DEVELOPMENT mode - do not use for production deployments.
&amp#27;[2m2025-06-28T20:05:43.772+03:00&amp#27;[0;39m &amp#27;[32m INFO&amp#27;[0;39m &amp#27;[35m45451&amp#27;[0;39m &amp#27;[2m---&amp#27;[0;39m &amp#27;[2m[           main]&amp#27;[0;39m &amp#27;[36mo.s.b.w.embedded.tomcat.TomcatWebServer &amp#27;[0;39m &amp#27;[2m:&amp#27;[0;39m Tomcat started on port(s): 8080 (http) with context path ''
&amp#27;[2m2025-06-28T20:05:43.780+03:00&amp#27;[0;39m &amp#27;[32m INFO&amp#27;[0;39m &amp#27;[35m45451&amp#27;[0;39m &amp#27;[2m---&amp#27;[0;39m &amp#27;[2m[           main]&amp#27;[0;39m &amp#27;[36mo.a.maven.surefire.booter.ForkedBooter  &amp#27;[0;39m &amp#27;[2m:&amp#27;[0;39m Started ForkedBooter in 4.206 seconds (process running for 4.445)
]]></system-out>
  </testcase>
</testsuite>